\BOOKMARK [0][-]{chapter.1}{\376\377\000I\000n\000t\000r\000o\000d\000u\000c\000t\000i\000o\000n}{}% 1
\BOOKMARK [1][-]{section.1.1}{\376\377\000B\000a\000c\000k\000g\000r\000o\000u\000n\000d}{chapter.1}% 2
\BOOKMARK [1][-]{section.1.2}{\376\377\000P\000r\000o\000b\000l\000e\000m\000\040\000S\000t\000a\000t\000e\000m\000e\000n\000t}{chapter.1}% 3
\BOOKMARK [1][-]{section.1.3}{\376\377\000M\000e\000t\000h\000o\000d\000s}{chapter.1}% 4
\BOOKMARK [0][-]{chapter.2}{\376\377\000I\000n\000s\000t\000a\000l\000l\000a\000t\000i\000o\000n}{}% 5
\BOOKMARK [1][-]{section.2.1}{\376\377\000U\000s\000i\000n\000g\000\040\000C\000o\000n\000d\000a}{chapter.2}% 6
\BOOKMARK [0][-]{chapter.3}{\376\377\000D\000a\000t\000a}{}% 7
\BOOKMARK [1][-]{section.3.1}{\376\377\000S\000y\000n\000t\000h\000e\000t\000i\000c\000\040\000D\000a\000t\000a}{chapter.3}% 8
\BOOKMARK [1][-]{section.3.2}{\376\377\000E\000x\000a\000m\000p\000l\000e}{chapter.3}% 9
\BOOKMARK [0][-]{chapter.4}{\376\377\000B\000a\000s\000e\000\040\000C\000l\000a\000s\000s\000e\000s}{}% 10
\BOOKMARK [0][-]{chapter.5}{\376\377\000S\000i\000n\000g\000l\000e\000\040\000T\000a\000s\000k\000\040\000L\000e\000a\000r\000n\000i\000n\000g}{}% 11
\BOOKMARK [0][-]{chapter.6}{\376\377\000N\000e\000u\000r\000a\000l\000\040\000C\000o\000l\000l\000a\000b\000o\000r\000a\000t\000i\000v\000e\000\040\000F\000i\000l\000t\000e\000r\000i\000n\000g}{}% 12
\BOOKMARK [0][-]{chapter.7}{\376\377\000G\000a\000u\000s\000s\000i\000a\000n\000\040\000P\000r\000o\000c\000e\000s\000s\000e\000s}{}% 13
\BOOKMARK [1][-]{section.7.1}{\376\377\000S\000i\000n\000g\000l\000e\000\040\000T\000a\000s\000k\000\040\000G\000P\000s}{chapter.7}% 14
\BOOKMARK [1][-]{section.7.2}{\376\377\000M\000u\000l\000t\000i\000T\000a\000s\000k\000\040\000G\000P\000s}{chapter.7}% 15
\BOOKMARK [0][-]{chapter.8}{\376\377\000O\000p\000t\000u\000n\000a\000\040\000E\000x\000a\000m\000p\000l\000e\000\040\000H\000y\000p\000e\000r\000p\000a\000r\000a\000m\000e\000t\000e\000r\000\040\000O\000p\000t\000i\000m\000i\000z\000a\000t\000i\000o\000n\000\040\000K\000N\000N\000,\000\040\000S\000V\000D\000,\000\040\000N\000N\000M\000F}{}% 16
\BOOKMARK [0][-]{chapter.9}{\376\377\000V\000i\000s\000u\000a\000l\000i\000z\000i\000n\000g\000\040\000H\000i\000g\000h\000-\000d\000i\000m\000e\000n\000s\000i\000o\000n\000a\000l\000\040\000P\000a\000r\000a\000m\000e\000t\000e\000r\000\040\000R\000e\000l\000a\000t\000i\000o\000n\000s\000h\000i\000p\000s}{}% 17
\BOOKMARK [1][-]{section.9.1}{\376\377\000P\000r\000e\000p\000a\000r\000i\000n\000g\000\040\000t\000h\000e\000\040\000D\000a\000t\000a\000s\000e\000t}{chapter.9}% 18
\BOOKMARK [1][-]{section.9.2}{\376\377\000D\000e\000f\000i\000n\000i\000n\000g\000\040\000t\000h\000e\000\040\000O\000b\000j\000e\000c\000t\000i\000v\000e\000\040\000F\000u\000n\000c\000t\000i\000o\000n}{chapter.9}% 19
\BOOKMARK [1][-]{section.9.3}{\376\377\000R\000u\000n\000n\000i\000n\000g\000\040\000t\000h\000e\000\040\000O\000p\000t\000i\000m\000i\000z\000a\000t\000i\000o\000n}{chapter.9}% 20
\BOOKMARK [1][-]{section.9.4}{\376\377\000V\000i\000s\000u\000a\000l\000i\000z\000i\000n\000g\000\040\000t\000h\000e\000\040\000O\000p\000t\000i\000m\000i\000z\000a\000t\000i\000o\000n\000\040\000H\000i\000s\000t\000o\000r\000y}{chapter.9}% 21
\BOOKMARK [1][-]{section.9.5}{\376\377\000V\000i\000s\000u\000a\000l\000i\000z\000i\000n\000g\000\040\000t\000h\000e\000\040\000L\000e\000a\000r\000n\000i\000n\000g\000\040\000C\000u\000r\000v\000e\000s\000\040\000o\000f\000\040\000t\000h\000e\000\040\000T\000r\000i\000a\000l\000s}{chapter.9}% 22
\BOOKMARK [1][-]{section.9.6}{\376\377\000V\000i\000s\000u\000a\000l\000i\000z\000i\000n\000g\000\040\000H\000i\000g\000h\000-\000d\000i\000m\000e\000n\000s\000i\000o\000n\000a\000l\000\040\000P\000a\000r\000a\000m\000e\000t\000e\000r\000\040\000R\000e\000l\000a\000t\000i\000o\000n\000s\000h\000i\000p\000s}{chapter.9}% 23
\BOOKMARK [1][-]{section.9.7}{\376\377\000V\000i\000s\000u\000a\000l\000i\000z\000i\000n\000g\000\040\000P\000a\000r\000a\000m\000e\000t\000e\000r\000\040\000R\000e\000l\000a\000t\000i\000o\000n\000s\000h\000i\000p\000s}{chapter.9}% 24
\BOOKMARK [1][-]{section.9.8}{\376\377\000V\000i\000s\000u\000a\000l\000i\000z\000i\000n\000g\000\040\000I\000n\000d\000i\000v\000i\000d\000u\000a\000l\000\040\000P\000a\000r\000a\000m\000e\000t\000e\000r\000s}{chapter.9}% 25
\BOOKMARK [1][-]{section.9.9}{\376\377\000V\000i\000s\000u\000a\000l\000i\000z\000i\000n\000g\000\040\000P\000a\000r\000a\000m\000e\000t\000e\000r\000\040\000I\000m\000p\000o\000r\000t\000a\000n\000c\000e\000s}{chapter.9}% 26
\BOOKMARK [0][-]{chapter.10}{\376\377\000S\000T\000L\000\040\000a\000n\000d\000\040\000M\000T\000L\000\040\000G\000P\000\040\000R\000e\000g\000r\000e\000s\000s\000i\000o\000n\000\040\000W\000a\000l\000k\000t\000h\000r\000o\000u\000g\000h}{}% 27
\BOOKMARK [1][-]{section.10.1}{\376\377\000S\000e\000t\000t\000i\000n\000g\000\040\000U\000p\000\040\000D\000a\000t\000a\000s\000e\000t\000s}{chapter.10}% 28
\BOOKMARK [1][-]{section.10.2}{\376\377\000S\000i\000n\000g\000l\000e\000\040\000T\000a\000s\000k\000\040\000G\000a\000u\000s\000s\000i\000a\000n\000\040\000P\000r\000o\000c\000e\000s\000s\000\040\000E\000x\000a\000m\000p\000l\000e}{chapter.10}% 29
\BOOKMARK [1][-]{section.10.3}{\376\377\000M\000u\000l\000t\000i\000t\000a\000s\000k\000\040\000B\000a\000c\000k\000g\000r\000o\000u\000n\000d}{chapter.10}% 30
\BOOKMARK [1][-]{section.10.4}{\376\377\000H\000a\000d\000a\000m\000a\000r\000d\000\040\000P\000r\000o\000d\000u\000c\000t\000\040\000M\000T\000L}{chapter.10}% 31
\BOOKMARK [1][-]{section.10.5}{\376\377\000E\000x\000a\000m\000p\000l\000e\000\040\000V\000i\000s\000u\000a\000l\000i\000z\000i\000n\000g\000\040\000C\000o\000v\000a\000r\000i\000a\000n\000c\000e\000\040\000U\000s\000i\000n\000g\000\040\000G\000e\000t\000t\000e\000r}{chapter.10}% 32
\BOOKMARK [1][-]{section.10.6}{\376\377\000F\000u\000l\000l\000\040\000M\000u\000l\000t\000i\000t\000a\000s\000k\000\040\000G\000P\000\040\000w\000i\000t\000h\000\040\000M\000u\000l\000t\000i\000t\000a\000s\000k\000\040\000K\000e\000r\000n\000e\000l}{chapter.10}% 33
\BOOKMARK [1][-]{section.10.7}{\376\377\000E\000x\000a\000m\000p\000l\000e\000\040\000F\000i\000n\000d\000\040\000I\000n\000i\000t\000i\000a\000l\000\040\000C\000o\000n\000d\000i\000t\000i\000o\000n\000s}{chapter.10}% 34
\BOOKMARK [0][-]{chapter.11}{\376\377\000F\000e\000a\000t\000u\000r\000i\000z\000e\000d\000\040\000N\000C\000F\000\040\000E\000x\000a\000m\000p\000l\000e}{}% 35
\BOOKMARK [0][-]{chapter.12}{\376\377\000M\000T\000L\000\040\000N\000C\000F\000\040\000w\000i\000t\000h\000\040\000P\000o\000o\000l\000e\000d\000\040\000M\000L\000P\000\040\000E\000x\000a\000m\000p\000l\000e}{}% 36
\BOOKMARK [0][-]{chapter.13}{\376\377\000M\000T\000L\000\040\000N\000C\000F\000\040\000w\000i\000t\000h\000\040\000P\000o\000o\000l\000e\000d\000\040\000M\000F}{}% 37
\BOOKMARK [0][-]{chapter.14}{\376\377\000F\000e\000a\000t\000u\000r\000i\000z\000e\000d\000\040\000N\000C\000F\000\040\000T\000r\000a\000i\000n\000\040\000T\000e\000s\000t\000\040\000C\000u\000r\000v\000e\000\040\000E\000x\000a\000m\000p\000l\000e}{}% 38
\BOOKMARK [0][-]{chapter.15}{\376\377\000P\000y\000t\000h\000o\000n\000\040\000S\000c\000r\000i\000p\000t\000\040\000E\000x\000a\000m\000p\000l\000e}{}% 39
\BOOKMARK [1][-]{section.15.1}{\376\377\000P\000y\000t\000h\000o\000n\000\040\000S\000c\000r\000i\000p\000t\000\040\000E\000x\000a\000m\000p\000l\000e}{chapter.15}% 40
\BOOKMARK [0][-]{chapter.16}{\376\377\000I\000n\000d\000i\000c\000e\000s\000\040\000a\000n\000d\000\040\000t\000a\000b\000l\000e\000s}{}% 41
\BOOKMARK [0][-]{chapter*.35}{\376\377\000B\000i\000b\000l\000i\000o\000g\000r\000a\000p\000h\000y}{}% 42
\BOOKMARK [0][-]{section*.36}{\376\377\000P\000y\000t\000h\000o\000n\000\040\000M\000o\000d\000u\000l\000e\000\040\000I\000n\000d\000e\000x}{}% 43
\BOOKMARK [0][-]{section*.37}{\376\377\000I\000n\000d\000e\000x}{}% 44
