This is XeTeX, Version 3.14159265-2.6-0.99996 (TeX Live 2016) (preloaded format=xelatex 2017.3.28)  26 SEP 2020 14:59
entering extended mode
 restricted \write18 enabled.
 %&-line parsing enabled.
**multitaskrecommendersystemsforcancerdrugresponse.tex
(./multitaskrecommendersystemsforcancerdrugresponse.tex
LaTeX2e <2017/01/01> patch level 3
Babel <3.9r> and hyphenation patterns for 83 language(s) loaded.
(./sphinxmanual.cls
Document Class: sphinxmanual 2019/12/01 v2.3.0 Document class (Sphinx manual)

(/collab/usr/global/tools/texlive/toss_3_x86_64_ib/2016/texmf-dist/tex/latex/ba
se/report.cls
Document Class: report 2014/09/29 v1.4h Standard LaTeX document class

(/collab/usr/global/tools/texlive/toss_3_x86_64_ib/2016/texmf-dist/tex/latex/ba
se/size10.clo
File: size10.clo 2014/09/29 v1.4h Standard LaTeX file (size option)
)
\c@part=\count79
\c@chapter=\count80
\c@section=\count81
\c@subsection=\count82
\c@subsubsection=\count83
\c@paragraph=\count84
\c@subparagraph=\count85
\c@figure=\count86
\c@table=\count87
\abovecaptionskip=\skip41
\belowcaptionskip=\skip42
\bibindent=\dimen102
)
LaTeX Info: Redefining \and on input line 35.
)
\sphinxpxdimen=\dimen103

(/collab/usr/global/tools/texlive/toss_3_x86_64_ib/2016/texmf-dist/tex/latex/cm
ap/cmap.sty
Package: cmap 2008/03/06 v1.0h CMap support: searchable PDF


Package cmap Warning: pdftex not detected - exiting.

)
(/collab/usr/global/tools/texlive/toss_3_x86_64_ib/2016/texmf-dist/tex/latex/fo
ntspec/fontspec.sty
(/collab/usr/global/tools/texlive/toss_3_x86_64_ib/2016/texmf-dist/tex/latex/l3
kernel/expl3.sty
Package: expl3 2017/03/18 v7019 L3 programming layer (loader) 

(/collab/usr/global/tools/texlive/toss_3_x86_64_ib/2016/texmf-dist/tex/latex/l3
kernel/expl3-code.tex
Package: expl3 2017/03/18 v7019 L3 programming layer (code)
\c_max_int=\count88
\l_tmpa_int=\count89
\l_tmpb_int=\count90
\g_tmpa_int=\count91
\g_tmpb_int=\count92
\g__prg_map_int=\count93
\c_log_iow=\count94
\l_iow_line_count_int=\count95
\l__iow_line_target_int=\count96
\l__iow_one_indent_int=\count97
\l__iow_indent_int=\count98
\c_zero_dim=\dimen104
\c_max_dim=\dimen105
\l_tmpa_dim=\dimen106
\l_tmpb_dim=\dimen107
\g_tmpa_dim=\dimen108
\g_tmpb_dim=\dimen109
\c_zero_skip=\skip43
\c_max_skip=\skip44
\l_tmpa_skip=\skip45
\l_tmpb_skip=\skip46
\g_tmpa_skip=\skip47
\g_tmpb_skip=\skip48
\c_zero_muskip=\muskip10
\c_max_muskip=\muskip11
\l_tmpa_muskip=\muskip12
\l_tmpb_muskip=\muskip13
\g_tmpa_muskip=\muskip14
\g_tmpb_muskip=\muskip15
\l_keys_choice_int=\count99
\c__fp_leading_shift_int=\count100
\c__fp_middle_shift_int=\count101
\c__fp_trailing_shift_int=\count102
\c__fp_big_leading_shift_int=\count103
\c__fp_big_middle_shift_int=\count104
\c__fp_big_trailing_shift_int=\count105
\c__fp_Bigg_leading_shift_int=\count106
\c__fp_Bigg_middle_shift_int=\count107
\c__fp_Bigg_trailing_shift_int=\count108
\l__sort_length_int=\count109
\l__sort_min_int=\count110
\l__sort_top_int=\count111
\l__sort_max_int=\count112
\l__sort_true_max_int=\count113
\l__sort_block_int=\count114
\l__sort_begin_int=\count115
\l__sort_end_int=\count116
\l__sort_A_int=\count117
\l__sort_B_int=\count118
\l__sort_C_int=\count119
\c_empty_box=\box26
\l_tmpa_box=\box27
\l_tmpb_box=\box28
\g_tmpa_box=\box29
\g_tmpb_box=\box30
\l__coffin_internal_box=\box31
\l__coffin_internal_dim=\dimen110
\l__coffin_offset_x_dim=\dimen111
\l__coffin_offset_y_dim=\dimen112
\l__coffin_x_dim=\dimen113
\l__coffin_y_dim=\dimen114
\l__coffin_x_prime_dim=\dimen115
\l__coffin_y_prime_dim=\dimen116
\c_empty_coffin=\box32
\l__coffin_aligned_coffin=\box33
\l__coffin_aligned_internal_coffin=\box34
\l_tmpa_coffin=\box35
\l_tmpb_coffin=\box36
\l__coffin_display_coffin=\box37
\l__coffin_display_coord_coffin=\box38
\l__coffin_display_pole_coffin=\box39
\l__coffin_display_offset_dim=\dimen117
\l__coffin_display_x_dim=\dimen118
\l__coffin_display_y_dim=\dimen119
\l__box_top_dim=\dimen120
\l__box_bottom_dim=\dimen121
\l__box_left_dim=\dimen122
\l__box_right_dim=\dimen123
\l__box_top_new_dim=\dimen124
\l__box_bottom_new_dim=\dimen125
\l__box_left_new_dim=\dimen126
\l__box_right_new_dim=\dimen127
\l__box_internal_box=\box40
\l__coffin_bounding_shift_dim=\dimen128
\l__coffin_left_corner_dim=\dimen129
\l__coffin_right_corner_dim=\dimen130
\l__coffin_bottom_corner_dim=\dimen131
\l__coffin_top_corner_dim=\dimen132
\l__coffin_scaled_total_height_dim=\dimen133
\l__coffin_scaled_width_dim=\dimen134
)
(/collab/usr/global/tools/texlive/toss_3_x86_64_ib/2016/texmf-dist/tex/latex/l3
kernel/l3xdvipdfmx.def
File: l3xdvidpfmx.def 2017/03/18 v7019 L3 Experimental driver: xdvipdfmx
\l__driver_tmp_box=\box41
))
(/collab/usr/global/tools/texlive/toss_3_x86_64_ib/2016/texmf-dist/tex/latex/l3
packages/xparse/xparse.sty
Package: xparse 2017/03/18 v7019 L3 Experimental document command parser
\l__xparse_current_arg_int=\count120
\g__xparse_grabber_int=\count121
\l__xparse_m_args_int=\count122
\l__xparse_mandatory_args_int=\count123
\l__xparse_v_nesting_int=\count124
)
Package: fontspec 2017/02/12 v2.6 Font selection for XeLaTeX and LuaLaTeX

(/collab/usr/global/tools/texlive/toss_3_x86_64_ib/2016/texmf-dist/tex/latex/fo
ntspec/fontspec-xetex.sty
Package: fontspec-xetex 2017/02/12 v2.6 Font selection for XeLaTeX and LuaLaTeX

\l__fontspec_script_int=\count125
\l__fontspec_language_int=\count126
\l__fontspec_strnum_int=\count127
\l__fontspec_tmp_int=\count128
\l__fontspec_em_int=\count129
\l__fontspec_emdef_int=\count130
\l__fontspec_strong_int=\count131
\l__fontspec_strongdef_int=\count132
\l__fontspec_tmpa_dim=\dimen135
\l__fontspec_tmpb_dim=\dimen136
\l__fontspec_tmpc_dim=\dimen137
\g__file_internal_ior=\read1

(/collab/usr/global/tools/texlive/toss_3_x86_64_ib/2016/texmf-dist/tex/latex/ba
se/fontenc.sty
Package: fontenc 2017/02/22 v2.0g Standard LaTeX package

(/collab/usr/global/tools/texlive/toss_3_x86_64_ib/2016/texmf-dist/tex/latex/ba
se/tuenc.def
File: tuenc.def 2017/02/22 v2.0g Standard LaTeX file
LaTeX Font Info:    Redeclaring font encoding TU on input line 82.
))
.................................................
. LaTeX info: "xparse/define-command"
. 
. Defining command \fontspec with sig. 'O{}mO{}' on line 475.
.................................................
.................................................
. LaTeX info: "xparse/define-command"
. 
. Defining command \setmainfont with sig. 'O{}mO{}' on line 491.
.................................................
.................................................
. LaTeX info: "xparse/define-command"
. 
. Defining command \setsansfont with sig. 'O{}mO{}' on line 507.
.................................................
.................................................
. LaTeX info: "xparse/define-command"
. 
. Defining command \setmonofont with sig. 'O{}mO{}' on line 523.
.................................................
.................................................
. LaTeX info: "xparse/define-command"
. 
. Defining command \setmathrm with sig. 'O{}mO{}' on line 528.
.................................................
.................................................
. LaTeX info: "xparse/define-command"
. 
. Defining command \setboldmathrm with sig. 'O{}mO{}' on line 533.
.................................................
.................................................
. LaTeX info: "xparse/define-command"
. 
. Defining command \setmathsf with sig. 'O{}mO{}' on line 538.
.................................................
.................................................
. LaTeX info: "xparse/define-command"
. 
. Defining command \setmathtt with sig. 'O{}mO{}' on line 543.
.................................................
.................................................
. LaTeX info: "xparse/define-command"
. 
. Defining command \newfontfamily with sig. 'mO{}mO{}' on line 563.
.................................................
.................................................
. LaTeX info: "xparse/define-command"
. 
. Defining command \newfontface with sig. 'mO{}mO{}' on line 567.
.................................................
.................................................
. LaTeX info: "xparse/define-command"
. 
. Defining command \defaultfontfeatures with sig. 't+om' on line 574.
.................................................
.................................................
. LaTeX info: "xparse/define-command"
. 
. Defining command \addfontfeatures with sig. 'm' on line 623.
.................................................
.................................................
. LaTeX info: "xparse/define-command"
. 
. Defining command \newfontfeature with sig. 'mm' on line 634.
.................................................
.................................................
. LaTeX info: "xparse/define-command"
. 
. Defining command \newAATfeature with sig. 'mmmm' on line 642.
.................................................
.................................................
. LaTeX info: "xparse/define-command"
. 
. Defining command \newopentypefeature with sig. 'mmm' on line 652.
.................................................
.................................................
. LaTeX info: "xparse/define-command"
. 
. Defining command \aliasfontfeature with sig. 'mm' on line 675.
.................................................
.................................................
. LaTeX info: "xparse/define-command"
. 
. Defining command \aliasfontfeatureoption with sig. 'mmm' on line 692.
.................................................
.................................................
. LaTeX info: "xparse/define-command"
. 
. Defining command \newfontscript with sig. 'mm' on line 696.
.................................................
.................................................
. LaTeX info: "xparse/define-command"
. 
. Defining command \newfontlanguage with sig. 'mm' on line 700.
.................................................
.................................................
. LaTeX info: "xparse/define-command"
. 
. Defining command \DeclareFontsExtensions with sig. 'm' on line 705.
.................................................
.................................................
. LaTeX info: "xparse/define-command"
. 
. Defining command \IfFontFeatureActiveTF with sig. 'mmm' on line 711.
.................................................
.................................................
. LaTeX info: "xparse/define-command"
. 
. Defining command \EncodingCommand with sig. 'mO{}m' on line 3338.
.................................................
.................................................
. LaTeX info: "xparse/define-command"
. 
. Defining command \EncodingAccent with sig. 'mm' on line 3344.
.................................................
.................................................
. LaTeX info: "xparse/define-command"
. 
. Defining command \EncodingSymbol with sig. 'mm' on line 3350.
.................................................
.................................................
. LaTeX info: "xparse/define-command"
. 
. Defining command \EncodingComposite with sig. 'mmm' on line 3356.
.................................................
.................................................
. LaTeX info: "xparse/define-command"
. 
. Defining command \EncodingCompositeCommand with sig. 'mmm' on line 3362.
.................................................
.................................................
. LaTeX info: "xparse/define-command"
. 
. Defining command \DeclareUnicodeEncoding with sig. 'mm' on line 3387.
.................................................
.................................................
. LaTeX info: "xparse/define-command"
. 
. Defining command \UndeclareSymbol with sig. 'm' on line 3393.
.................................................
.................................................
. LaTeX info: "xparse/define-command"
. 
. Defining command \UndeclareComposite with sig. 'mm' on line 3401.
.................................................

(/collab/usr/global/tools/texlive/toss_3_x86_64_ib/2016/texmf-dist/tex/latex/fo
ntspec/fontspec.cfg)
LaTeX Info: Redefining \itshape on input line 3586.
LaTeX Info: Redefining \slshape on input line 3591.
LaTeX Info: Redefining \scshape on input line 3596.
LaTeX Info: Redefining \upshape on input line 3601.
LaTeX Info: Redefining \em on input line 3631.
LaTeX Info: Redefining \emph on input line 3656.
LaTeX Info: Redefining \- on input line 3707.
.................................................
. LaTeX info: "xparse/redefine-command"
. 
. Redefining command \oldstylenums with sig. 'm' on line 3802.
.................................................
.................................................
. LaTeX info: "xparse/define-command"
. 
. Defining command \liningnums with sig. 'm' on line 3806.
.................................................
))
(/collab/usr/global/tools/texlive/toss_3_x86_64_ib/2016/texmf-dist/tex/latex/am
smath/amsmath.sty
Package: amsmath 2016/11/05 v2.16a AMS math features
\@mathmargin=\skip49

For additional information on amsmath, use the `?' option.

(/collab/usr/global/tools/texlive/toss_3_x86_64_ib/2016/texmf-dist/tex/latex/am
smath/amstext.sty
Package: amstext 2000/06/29 v2.01 AMS text

(/collab/usr/global/tools/texlive/toss_3_x86_64_ib/2016/texmf-dist/tex/latex/am
smath/amsgen.sty
File: amsgen.sty 1999/11/30 v2.0 generic functions
\@emptytoks=\toks14
\ex@=\dimen138
))
(/collab/usr/global/tools/texlive/toss_3_x86_64_ib/2016/texmf-dist/tex/latex/am
smath/amsbsy.sty
Package: amsbsy 1999/11/29 v1.2d Bold Symbols
\pmbraise@=\dimen139
)
(/collab/usr/global/tools/texlive/toss_3_x86_64_ib/2016/texmf-dist/tex/latex/am
smath/amsopn.sty
Package: amsopn 2016/03/08 v2.02 operator names
)
\inf@bad=\count133
LaTeX Info: Redefining \frac on input line 213.
\uproot@=\count134
\leftroot@=\count135
LaTeX Info: Redefining \overline on input line 375.
\classnum@=\count136
\DOTSCASE@=\count137
LaTeX Info: Redefining \ldots on input line 472.
LaTeX Info: Redefining \dots on input line 475.
LaTeX Info: Redefining \cdots on input line 596.
\Mathstrutbox@=\box42
\strutbox@=\box43
\big@size=\dimen140
LaTeX Font Info:    Redeclaring font encoding OML on input line 712.
LaTeX Font Info:    Redeclaring font encoding OMS on input line 713.
\macc@depth=\count138
\c@MaxMatrixCols=\count139
\dotsspace@=\muskip16
\c@parentequation=\count140
\dspbrk@lvl=\count141
\tag@help=\toks15
\row@=\count142
\column@=\count143
\maxfields@=\count144
\andhelp@=\toks16
\eqnshift@=\dimen141
\alignsep@=\dimen142
\tagshift@=\dimen143
\tagwidth@=\dimen144
\totwidth@=\dimen145
\lineht@=\dimen146
\@envbody=\toks17
\multlinegap=\skip50
\multlinetaggap=\skip51
\mathdisplay@stack=\toks18
LaTeX Info: Redefining \[ on input line 2817.
LaTeX Info: Redefining \] on input line 2818.
)
(/collab/usr/global/tools/texlive/toss_3_x86_64_ib/2016/texmf-dist/tex/latex/am
sfonts/amssymb.sty
Package: amssymb 2013/01/14 v3.01 AMS font symbols

(/collab/usr/global/tools/texlive/toss_3_x86_64_ib/2016/texmf-dist/tex/latex/am
sfonts/amsfonts.sty
Package: amsfonts 2013/01/14 v3.01 Basic AMSFonts support
\symAMSa=\mathgroup4
\symAMSb=\mathgroup5
LaTeX Font Info:    Overwriting math alphabet `\mathfrak' in version `bold'
(Font)                  U/euf/m/n --> U/euf/b/n on input line 106.
))
(/collab/usr/global/tools/texlive/toss_3_x86_64_ib/2016/texmf-dist/tex/latex/po
lyglossia/polyglossia.sty
Package: polyglossia 2015/03/25 v1.42.4 Alternative to Babel for XeLaTeX and Lu
aLaTeX

(/collab/usr/global/tools/texlive/toss_3_x86_64_ib/2016/texmf-dist/tex/latex/et
oolbox/etoolbox.sty
Package: etoolbox 2017/01/02 v2.4 e-TeX tools for LaTeX (JAW)
\etb@tempcnta=\count145
)
(/collab/usr/global/tools/texlive/toss_3_x86_64_ib/2016/texmf-dist/tex/latex/ma
kecmds/makecmds.sty
Package: makecmds 2009/09/03 v1.0a extra command making commands
)
(/collab/usr/global/tools/texlive/toss_3_x86_64_ib/2016/texmf-dist/tex/latex/xk
eyval/xkeyval.sty
Package: xkeyval 2014/12/03 v2.7a package option processing (HA)

(/collab/usr/global/tools/texlive/toss_3_x86_64_ib/2016/texmf-dist/tex/generic/
xkeyval/xkeyval.tex
(/collab/usr/global/tools/texlive/toss_3_x86_64_ib/2016/texmf-dist/tex/generic/
xkeyval/xkvutils.tex
\XKV@toks=\toks19
\XKV@tempa@toks=\toks20

(/collab/usr/global/tools/texlive/toss_3_x86_64_ib/2016/texmf-dist/tex/generic/
xkeyval/keyval.tex))
\XKV@depth=\count146
File: xkeyval.tex 2014/12/03 v2.7a key=value parser (HA)
))
(/collab/usr/global/tools/texlive/toss_3_x86_64_ib/2016/texmf-dist/tex/generic/
oberdiek/ifluatex.sty
Package: ifluatex 2016/05/16 v1.4 Provides the ifluatex switch (HO)
Package ifluatex Info: LuaTeX not detected.
)
(/collab/usr/global/tools/texlive/toss_3_x86_64_ib/2016/texmf-dist/tex/generic/
ifxetex/ifxetex.sty
Package: ifxetex 2010/09/12 v0.6 Provides ifxetex conditional
)
\xpg@normalclass=\XeTeXcharclass1
)
(/collab/usr/global/tools/texlive/toss_3_x86_64_ib/2016/texmf-dist/tex/latex/po
lyglossia/gloss-english.ldf
File: gloss-english.ldf polyglossia: module for english
)
Package polyglossia Info: Default language is english.
\g__fontspec_family_DejaVuSerif_int=\count147
.................................................
. fontspec info: "defining-font"
. 
. Font family 'DejaVuSerif(0)' created for font 'DejaVu Serif' with options
. [].
.  
.  This font family consists of the following NFSS series/shapes:
.  
. - 'normal' (m/n) with NFSS spec.: <->"DejaVu
. Serif/OT:script=latn;language=DFLT;"
. - 'small caps'  (m/sc) with NFSS spec.: 
. - 'bold' (bx/n) with NFSS spec.: <->"DejaVu
. Serif/B/OT:script=latn;language=DFLT;"
. - 'bold small caps'  (bx/sc) with NFSS spec.: 
. - 'italic' (m/it) with NFSS spec.: <->"DejaVu
. Serif/I/OT:script=latn;language=DFLT;"
. - 'italic small caps'  (m/itsc) with NFSS spec.: 
. - 'bold italic' (bx/it) with NFSS spec.: <->"DejaVu
. Serif/BI/OT:script=latn;language=DFLT;"
. - 'bold italic small caps'  (bx/itsc) with NFSS spec.: 
.................................................
LaTeX Info: Redefining \rmfamily on input line 23.
\g__fontspec_family_DejaVuSans_int=\count148
.................................................
. fontspec info: "defining-font"
. 
. Font family 'DejaVuSans(0)' created for font 'DejaVu Sans' with options [].
.  
.  This font family consists of the following NFSS series/shapes:
.  
. - 'normal' (m/n) with NFSS spec.: <->"DejaVu
. Sans/OT:script=latn;language=DFLT;"
. - 'small caps'  (m/sc) with NFSS spec.: 
. - 'bold' (bx/n) with NFSS spec.: <->"DejaVu
. Sans/B/OT:script=latn;language=DFLT;"
. - 'bold small caps'  (bx/sc) with NFSS spec.: 
. - 'italic' (m/it) with NFSS spec.: <->"DejaVu
. Sans/I/OT:script=latn;language=DFLT;"
. - 'italic small caps'  (m/itsc) with NFSS spec.: 
. - 'bold italic' (bx/it) with NFSS spec.: <->"DejaVu
. Sans/BI/OT:script=latn;language=DFLT;"
. - 'bold italic small caps'  (bx/itsc) with NFSS spec.: 
.................................................
LaTeX Info: Redefining \sffamily on input line 24.
\g__fontspec_family_DejaVuSansMono_int=\count149
.................................................
. fontspec info: "defining-font"
. 
. Font family 'DejaVuSansMono(0)' created for font 'DejaVu Sans Mono' with
. options [].
.  
.  This font family consists of the following NFSS series/shapes:
.  
. - 'normal' (m/n) with NFSS spec.: <->"DejaVu Sans
. Mono/OT:script=latn;language=DFLT;"
. - 'small caps'  (m/sc) with NFSS spec.: 
. - 'bold' (bx/n) with NFSS spec.: <->"DejaVu Sans
. Mono/B/OT:script=latn;language=DFLT;"
. - 'bold small caps'  (bx/sc) with NFSS spec.: 
. - 'italic' (m/it) with NFSS spec.: <->"DejaVu Sans
. Mono/I/OT:script=latn;language=DFLT;"
. - 'italic small caps'  (m/itsc) with NFSS spec.: 
. - 'bold italic' (bx/it) with NFSS spec.: <->"DejaVu Sans
. Mono/BI/OT:script=latn;language=DFLT;"
. - 'bold italic small caps'  (bx/itsc) with NFSS spec.: 
.................................................
LaTeX Info: Redefining \ttfamily on input line 25.

(/collab/usr/global/tools/texlive/toss_3_x86_64_ib/2016/texmf-dist/tex/latex/fn
cychap/fncychap.sty
Package: fncychap 2007/07/30 v1.34 LaTeX package (Revised chapters)
\RW=\skip52
\mylen=\skip53
\myhi=\skip54
\px=\skip55
\py=\skip56
\pyy=\skip57
\pxx=\skip58

(/collab/usr/global/tools/texlive/toss_3_x86_64_ib/2016/texmf-dist/tex/latex/gr
aphics/color.sty
Package: color 2016/07/10 v1.1e Standard LaTeX Color (DPC)

(/collab/usr/global/tools/texlive/toss_3_x86_64_ib/2016/texmf-dist/tex/latex/gr
aphics-cfg/color.cfg
File: color.cfg 2016/01/02 v1.6 sample color configuration
)
Package color Info: Driver file: xetex.def on input line 147.

(/collab/usr/global/tools/texlive/toss_3_x86_64_ib/2016/texmf-dist/tex/latex/gr
aphics-def/xetex.def
File: xetex.def 2016/07/11 v4.10 LaTeX color/graphics driver for XeTeX (L3/RRM/
JK)
))) (./sphinx.sty
Package: sphinx 2019/09/02 v2.3.0 LaTeX package (Sphinx markup)

(/collab/usr/global/tools/texlive/toss_3_x86_64_ib/2016/texmf-dist/tex/generic/
oberdiek/ltxcmds.sty
Package: ltxcmds 2016/05/16 v1.23 LaTeX kernel commands for general use (HO)
)
(/collab/usr/global/tools/texlive/toss_3_x86_64_ib/2016/texmf-dist/tex/latex/gr
aphics/graphicx.sty
Package: graphicx 2014/10/28 v1.0g Enhanced LaTeX Graphics (DPC,SPQR)

(/collab/usr/global/tools/texlive/toss_3_x86_64_ib/2016/texmf-dist/tex/latex/gr
aphics/graphics.sty
Package: graphics 2016/10/09 v1.0u Standard LaTeX Graphics (DPC,SPQR)

(/collab/usr/global/tools/texlive/toss_3_x86_64_ib/2016/texmf-dist/tex/latex/gr
aphics/trig.sty
Package: trig 2016/01/03 v1.10 sin cos tan (DPC)
)
(/collab/usr/global/tools/texlive/toss_3_x86_64_ib/2016/texmf-dist/tex/latex/gr
aphics-cfg/graphics.cfg
File: graphics.cfg 2016/06/04 v1.11 sample graphics configuration
)
Package graphics Info: Driver file: xetex.def on input line 99.
)
\Gin@req@height=\dimen147
\Gin@req@width=\dimen148
)
(/collab/usr/global/tools/texlive/toss_3_x86_64_ib/2016/texmf-dist/tex/latex/fa
ncyhdr/fancyhdr.sty
Package: fancyhdr 2016/09/06 3.8 Extensive control of page headers and footers
\fancy@headwidth=\skip59
\f@ncyO@elh=\skip60
\f@ncyO@erh=\skip61
\f@ncyO@olh=\skip62
\f@ncyO@orh=\skip63
\f@ncyO@elf=\skip64
\f@ncyO@erf=\skip65
\f@ncyO@olf=\skip66
\f@ncyO@orf=\skip67
)
(/collab/usr/global/tools/texlive/toss_3_x86_64_ib/2016/texmf-dist/tex/latex/ba
se/textcomp.sty
Package: textcomp 2017/02/22 v2.0g Standard LaTeX package
Package textcomp Info: Sub-encoding information:
(textcomp)               5 = only ISO-Adobe without \textcurrency
(textcomp)               4 = 5 + \texteuro
(textcomp)               3 = 4 + \textohm
(textcomp)               2 = 3 + \textestimated + \textcurrency
(textcomp)               1 = TS1 - \textcircled - \t
(textcomp)               0 = TS1 (full)
(textcomp)             Font families with sub-encoding setting implement
(textcomp)             only a restricted character set as indicated.
(textcomp)             Family '?' is the default used for unknown fonts.
(textcomp)             See the documentation for details.
Package textcomp Info: Setting ? sub-encoding to TS1/1 on input line 79.

(/collab/usr/global/tools/texlive/toss_3_x86_64_ib/2016/texmf-dist/tex/latex/ba
se/ts1enc.def
File: ts1enc.def 2001/06/05 v3.0e (jk/car/fm) Standard LaTeX file
)
LaTeX Info: Redefining \oldstylenums on input line 334.
Package textcomp Info: Setting cmr sub-encoding to TS1/0 on input line 349.
Package textcomp Info: Setting cmss sub-encoding to TS1/0 on input line 350.
Package textcomp Info: Setting cmtt sub-encoding to TS1/0 on input line 351.
Package textcomp Info: Setting cmvtt sub-encoding to TS1/0 on input line 352.
Package textcomp Info: Setting cmbr sub-encoding to TS1/0 on input line 353.
Package textcomp Info: Setting cmtl sub-encoding to TS1/0 on input line 354.
Package textcomp Info: Setting ccr sub-encoding to TS1/0 on input line 355.
Package textcomp Info: Setting ptm sub-encoding to TS1/4 on input line 356.
Package textcomp Info: Setting pcr sub-encoding to TS1/4 on input line 357.
Package textcomp Info: Setting phv sub-encoding to TS1/4 on input line 358.
Package textcomp Info: Setting ppl sub-encoding to TS1/3 on input line 359.
Package textcomp Info: Setting pag sub-encoding to TS1/4 on input line 360.
Package textcomp Info: Setting pbk sub-encoding to TS1/4 on input line 361.
Package textcomp Info: Setting pnc sub-encoding to TS1/4 on input line 362.
Package textcomp Info: Setting pzc sub-encoding to TS1/4 on input line 363.
Package textcomp Info: Setting bch sub-encoding to TS1/4 on input line 364.
Package textcomp Info: Setting put sub-encoding to TS1/5 on input line 365.
Package textcomp Info: Setting uag sub-encoding to TS1/5 on input line 366.
Package textcomp Info: Setting ugq sub-encoding to TS1/5 on input line 367.
Package textcomp Info: Setting ul8 sub-encoding to TS1/4 on input line 368.
Package textcomp Info: Setting ul9 sub-encoding to TS1/4 on input line 369.
Package textcomp Info: Setting augie sub-encoding to TS1/5 on input line 370.
Package textcomp Info: Setting dayrom sub-encoding to TS1/3 on input line 371.
Package textcomp Info: Setting dayroms sub-encoding to TS1/3 on input line 372.

Package textcomp Info: Setting pxr sub-encoding to TS1/0 on input line 373.
Package textcomp Info: Setting pxss sub-encoding to TS1/0 on input line 374.
Package textcomp Info: Setting pxtt sub-encoding to TS1/0 on input line 375.
Package textcomp Info: Setting txr sub-encoding to TS1/0 on input line 376.
Package textcomp Info: Setting txss sub-encoding to TS1/0 on input line 377.
Package textcomp Info: Setting txtt sub-encoding to TS1/0 on input line 378.
Package textcomp Info: Setting lmr sub-encoding to TS1/0 on input line 379.
Package textcomp Info: Setting lmdh sub-encoding to TS1/0 on input line 380.
Package textcomp Info: Setting lmss sub-encoding to TS1/0 on input line 381.
Package textcomp Info: Setting lmssq sub-encoding to TS1/0 on input line 382.
Package textcomp Info: Setting lmvtt sub-encoding to TS1/0 on input line 383.
Package textcomp Info: Setting lmtt sub-encoding to TS1/0 on input line 384.
Package textcomp Info: Setting qhv sub-encoding to TS1/0 on input line 385.
Package textcomp Info: Setting qag sub-encoding to TS1/0 on input line 386.
Package textcomp Info: Setting qbk sub-encoding to TS1/0 on input line 387.
Package textcomp Info: Setting qcr sub-encoding to TS1/0 on input line 388.
Package textcomp Info: Setting qcs sub-encoding to TS1/0 on input line 389.
Package textcomp Info: Setting qpl sub-encoding to TS1/0 on input line 390.
Package textcomp Info: Setting qtm sub-encoding to TS1/0 on input line 391.
Package textcomp Info: Setting qzc sub-encoding to TS1/0 on input line 392.
Package textcomp Info: Setting qhvc sub-encoding to TS1/0 on input line 393.
Package textcomp Info: Setting futs sub-encoding to TS1/4 on input line 394.
Package textcomp Info: Setting futx sub-encoding to TS1/4 on input line 395.
Package textcomp Info: Setting futj sub-encoding to TS1/4 on input line 396.
Package textcomp Info: Setting hlh sub-encoding to TS1/3 on input line 397.
Package textcomp Info: Setting hls sub-encoding to TS1/3 on input line 398.
Package textcomp Info: Setting hlst sub-encoding to TS1/3 on input line 399.
Package textcomp Info: Setting hlct sub-encoding to TS1/5 on input line 400.
Package textcomp Info: Setting hlx sub-encoding to TS1/5 on input line 401.
Package textcomp Info: Setting hlce sub-encoding to TS1/5 on input line 402.
Package textcomp Info: Setting hlcn sub-encoding to TS1/5 on input line 403.
Package textcomp Info: Setting hlcw sub-encoding to TS1/5 on input line 404.
Package textcomp Info: Setting hlcf sub-encoding to TS1/5 on input line 405.
Package textcomp Info: Setting pplx sub-encoding to TS1/3 on input line 406.
Package textcomp Info: Setting pplj sub-encoding to TS1/3 on input line 407.
Package textcomp Info: Setting ptmx sub-encoding to TS1/4 on input line 408.
Package textcomp Info: Setting ptmj sub-encoding to TS1/4 on input line 409.
)
(/collab/usr/global/tools/texlive/toss_3_x86_64_ib/2016/texmf-dist/tex/latex/ti
tlesec/titlesec.sty
Package: titlesec 2016/03/21 v2.10.2 Sectioning titles
\ttl@box=\box44
\beforetitleunit=\skip68
\aftertitleunit=\skip69
\ttl@plus=\dimen149
\ttl@minus=\dimen150
\ttl@toksa=\toks21
\titlewidth=\dimen151
\titlewidthlast=\dimen152
\titlewidthfirst=\dimen153
)
(/collab/usr/global/tools/texlive/toss_3_x86_64_ib/2016/texmf-dist/tex/latex/ta
bulary/tabulary.sty
Package: tabulary 2014/06/11 v0.10 tabulary package (DPC)

(/collab/usr/global/tools/texlive/toss_3_x86_64_ib/2016/texmf-dist/tex/latex/to
ols/array.sty
Package: array 2016/10/06 v2.4d Tabular extension package (FMi)
\col@sep=\dimen154
\extrarowheight=\dimen155
\NC@list=\toks22
\extratabsurround=\skip70
\backup@length=\skip71
)
\TY@count=\count150
\TY@linewidth=\dimen156
\tymin=\dimen157
\tymax=\dimen158
\TY@tablewidth=\dimen159
)
(/collab/usr/global/tools/texlive/toss_3_x86_64_ib/2016/texmf-dist/tex/latex/to
ols/longtable.sty
Package: longtable 2014/10/28 v4.11 Multi-page Table package (DPC)
\LTleft=\skip72
\LTright=\skip73
\LTpre=\skip74
\LTpost=\skip75
\LTchunksize=\count151
\LTcapwidth=\dimen160
\LT@head=\box45
\LT@firsthead=\box46
\LT@foot=\box47
\LT@lastfoot=\box48
\LT@cols=\count152
\LT@rows=\count153
\c@LT@tables=\count154
\c@LT@chunks=\count155
\LT@p@ftn=\toks23
)
(/collab/usr/global/tools/texlive/toss_3_x86_64_ib/2016/texmf-dist/tex/latex/va
rwidth/varwidth.sty
Package: varwidth 2009/03/30 ver 0.92;  Variable-width minipages
\@vwid@box=\box49
\sift@deathcycles=\count156
\@vwid@loff=\dimen161
\@vwid@roff=\dimen162
) (./sphinxmulticell.sty
Package: sphinxmulticell 2017/02/23 v1.6 better span rows and columns of a tabl
e (Sphinx team)
\sphinx@TY@tablewidth=\dimen163
)
(/collab/usr/global/tools/texlive/toss_3_x86_64_ib/2016/texmf-dist/tex/latex/ba
se/makeidx.sty
Package: makeidx 2014/09/29 v1.0m Standard LaTeX package
)
(/collab/usr/global/tools/texlive/toss_3_x86_64_ib/2016/texmf-dist/tex/latex/fr
amed/framed.sty
Package: framed 2011/10/22 v 0.96: framed or shaded text with page breaks
\OuterFrameSep=\skip76
\fb@frw=\dimen164
\fb@frh=\dimen165
\FrameRule=\dimen166
\FrameSep=\dimen167
)
(/collab/usr/global/tools/texlive/toss_3_x86_64_ib/2016/texmf-dist/tex/latex/xc
olor/xcolor.sty
Package: xcolor 2016/05/11 v2.12 LaTeX color extensions (UK)

(/collab/usr/global/tools/texlive/toss_3_x86_64_ib/2016/texmf-dist/tex/latex/gr
aphics-cfg/color.cfg
File: color.cfg 2016/01/02 v1.6 sample color configuration
)
Package xcolor Info: Driver file: xetex.def on input line 225.
LaTeX Info: Redefining \color on input line 709.
Package xcolor Info: Model `cmy' substituted by `cmy0' on input line 1348.
Package xcolor Info: Model `RGB' extended on input line 1364.
Package xcolor Info: Model `HTML' substituted by `rgb' on input line 1366.
Package xcolor Info: Model `Hsb' substituted by `hsb' on input line 1367.
Package xcolor Info: Model `tHsb' substituted by `hsb' on input line 1368.
Package xcolor Info: Model `HSB' substituted by `hsb' on input line 1369.
Package xcolor Info: Model `Gray' substituted by `gray' on input line 1370.
Package xcolor Info: Model `wave' substituted by `hsb' on input line 1371.
)
(/collab/usr/global/tools/texlive/toss_3_x86_64_ib/2016/texmf-dist/tex/latex/fa
ncyvrb/fancyvrb.sty
Package: fancyvrb 2008/02/07

Style option: `fancyvrb' v2.7a, with DG/SPQR fixes, and firstline=lastline fix 
<2008/02/07> (tvz)
\FV@CodeLineNo=\count157
\FV@InFile=\read2
\FV@TabBox=\box50
\c@FancyVerbLine=\count158
\FV@StepNumber=\count159
\FV@OutFile=\write3
) (./footnotehyper-sphinx.sty
Package: footnotehyper-sphinx 2017/10/27 v1.7 hyperref aware footnote.sty for s
phinx (JFB)
\FNH@notes=\box51
\FNH@width=\dimen168
)
(/collab/usr/global/tools/texlive/toss_3_x86_64_ib/2016/texmf-dist/tex/latex/fl
oat/float.sty
Package: float 2001/11/08 v1.3d Float enhancements (AL)
\c@float@type=\count160
\float@exts=\toks24
\float@box=\box52
\@float@everytoks=\toks25
\@floatcapt=\box53
)
(/collab/usr/global/tools/texlive/toss_3_x86_64_ib/2016/texmf-dist/tex/latex/wr
apfig/wrapfig.sty
\wrapoverhang=\dimen169
\WF@size=\dimen170
\c@WF@wrappedlines=\count161
\WF@box=\box54
\WF@everypar=\toks26
Package: wrapfig 2003/01/31  v 3.6
)
(/collab/usr/global/tools/texlive/toss_3_x86_64_ib/2016/texmf-dist/tex/latex/pa
rskip/parskip.sty
Package: parskip 2001/04/09 non-zero parskip adjustments
)
(/collab/usr/global/tools/texlive/toss_3_x86_64_ib/2016/texmf-dist/tex/latex/ba
se/alltt.sty
Package: alltt 1997/06/16 v2.0g defines alltt environment
)
(/collab/usr/global/tools/texlive/toss_3_x86_64_ib/2016/texmf-dist/tex/latex/up
quote/upquote.sty
Package: upquote 2012/04/19 v1.3 upright-quote and grave-accent glyphs in verba
tim
)
(/collab/usr/global/tools/texlive/toss_3_x86_64_ib/2016/texmf-dist/tex/latex/ca
pt-of/capt-of.sty
Package: capt-of 2009/12/29 v0.2 standard captions outside of floats
)
(/collab/usr/global/tools/texlive/toss_3_x86_64_ib/2016/texmf-dist/tex/latex/ne
edspace/needspace.sty
Package: needspace 2010/09/12 v1.3d reserve vertical space
)
(/collab/usr/global/tools/texlive/toss_3_x86_64_ib/2016/texmf-dist/tex/latex/ca
rlisle/remreset.sty) (./sphinxhighlight.sty
Package: sphinxhighlight 2016/05/29 stylesheet for highlighting with pygments
)
(/collab/usr/global/tools/texlive/toss_3_x86_64_ib/2016/texmf-dist/tex/latex/ob
erdiek/kvoptions.sty
Package: kvoptions 2016/05/16 v3.12 Key value format for package options (HO)

(/collab/usr/global/tools/texlive/toss_3_x86_64_ib/2016/texmf-dist/tex/generic/
oberdiek/kvsetkeys.sty
Package: kvsetkeys 2016/05/16 v1.17 Key value parser (HO)

(/collab/usr/global/tools/texlive/toss_3_x86_64_ib/2016/texmf-dist/tex/generic/
oberdiek/infwarerr.sty
Package: infwarerr 2016/05/16 v1.4 Providing info/warning/error messages (HO)
)
(/collab/usr/global/tools/texlive/toss_3_x86_64_ib/2016/texmf-dist/tex/generic/
oberdiek/etexcmds.sty
Package: etexcmds 2016/05/16 v1.6 Avoid name clashes with e-TeX commands (HO)
Package etexcmds Info: Could not find \expanded.
(etexcmds)             That can mean that you are not using pdfTeX 1.50 or
(etexcmds)             that some package has redefined \expanded.
(etexcmds)             In the latter case, load this package earlier.
)))
\sphinxverbatimsep=\dimen171
\sphinxverbatimborder=\dimen172
\sphinxshadowsep=\dimen173
\sphinxshadowsize=\dimen174
\sphinxshadowrule=\dimen175
\spx@notice@border=\dimen176
\spx@image@maxheight=\dimen177
\spx@image@box=\dimen178
\c@literalblock=\count162
\sphinxcontinuationbox=\box55
\sphinxvisiblespacebox=\box56
\sphinxVerbatim@TitleBox=\box57
\sphinxVerbatim@ContentsBox=\box58
\py@argswidth=\skip77
\lineblockindentation=\skip78
\DUlineblockindent=\skip79
)
(/collab/usr/global/tools/texlive/toss_3_x86_64_ib/2016/texmf-dist/tex/latex/ge
ometry/geometry.sty
Package: geometry 2010/09/12 v5.6 Page Geometry

(/collab/usr/global/tools/texlive/toss_3_x86_64_ib/2016/texmf-dist/tex/generic/
oberdiek/ifpdf.sty
Package: ifpdf 2017/03/15 v3.2 Provides the ifpdf switch
)
(/collab/usr/global/tools/texlive/toss_3_x86_64_ib/2016/texmf-dist/tex/generic/
oberdiek/ifvtex.sty
Package: ifvtex 2016/05/16 v1.6 Detect VTeX and its facilities (HO)
Package ifvtex Info: VTeX not detected.
)
\Gm@cnth=\count163
\Gm@cntv=\count164
\c@Gm@tempcnt=\count165
\Gm@bindingoffset=\dimen179
\Gm@wd@mp=\dimen180
\Gm@odd@mp=\dimen181
\Gm@even@mp=\dimen182
\Gm@layoutwidth=\dimen183
\Gm@layoutheight=\dimen184
\Gm@layouthoffset=\dimen185
\Gm@layoutvoffset=\dimen186
\Gm@dimlist=\toks27
)
(/collab/usr/global/tools/texlive/toss_3_x86_64_ib/2016/texmf-dist/tex/latex/hy
perref/hyperref.sty
Package: hyperref 2017/03/14 v6.85a Hypertext links for LaTeX

(/collab/usr/global/tools/texlive/toss_3_x86_64_ib/2016/texmf-dist/tex/generic/
oberdiek/hobsub-hyperref.sty
Package: hobsub-hyperref 2016/05/16 v1.14 Bundle oberdiek, subset hyperref (HO)


(/collab/usr/global/tools/texlive/toss_3_x86_64_ib/2016/texmf-dist/tex/generic/
oberdiek/hobsub-generic.sty
Package: hobsub-generic 2016/05/16 v1.14 Bundle oberdiek, subset generic (HO)
Package: hobsub 2016/05/16 v1.14 Construct package bundles (HO)
Package hobsub Info: Skipping package `infwarerr' (already loaded).
Package hobsub Info: Skipping package `ltxcmds' (already loaded).
Package hobsub Info: Skipping package `ifluatex' (already loaded).
Package hobsub Info: Skipping package `ifvtex' (already loaded).
Package: intcalc 2016/05/16 v1.2 Expandable calculations with integers (HO)
Package hobsub Info: Skipping package `ifpdf' (already loaded).
Package hobsub Info: Skipping package `etexcmds' (already loaded).
Package hobsub Info: Skipping package `kvsetkeys' (already loaded).
Package: kvdefinekeys 2016/05/16 v1.4 Define keys (HO)
Package: pdftexcmds 2017/03/19 v0.25 Utility functions of pdfTeX for LuaTeX (HO
)
Package pdftexcmds Info: LuaTeX not detected.
Package pdftexcmds Info: pdfTeX >= 1.30 not detected.
Package pdftexcmds Info: \pdf@primitive is available.
Package pdftexcmds Info: \pdf@ifprimitive is available.
Package pdftexcmds Info: \pdfdraftmode not found.
Package: pdfescape 2016/05/16 v1.14 Implements pdfTeX's escape features (HO)
Package: bigintcalc 2016/05/16 v1.4 Expandable calculations on big integers (HO
)
Package: bitset 2016/05/16 v1.2 Handle bit-vector datatype (HO)
Package: uniquecounter 2016/05/16 v1.3 Provide unlimited unique counter (HO)
)
Package hobsub Info: Skipping package `hobsub' (already loaded).
Package: letltxmacro 2016/05/16 v1.5 Let assignment for LaTeX macros (HO)
Package: hopatch 2016/05/16 v1.3 Wrapper for package hooks (HO)
Package: xcolor-patch 2016/05/16 xcolor patch
Package: atveryend 2016/05/16 v1.9 Hooks at the very end of document (HO)
Package: atbegshi 2016/06/09 v1.18 At begin shipout hook (HO)
Package: refcount 2016/05/16 v3.5 Data extraction from label references (HO)
Package: hycolor 2016/05/16 v1.8 Color options for hyperref/bookmark (HO)
)
(/collab/usr/global/tools/texlive/toss_3_x86_64_ib/2016/texmf-dist/tex/latex/ob
erdiek/auxhook.sty
Package: auxhook 2016/05/16 v1.4 Hooks for auxiliary files (HO)
)
\@linkdim=\dimen187
\Hy@linkcounter=\count166
\Hy@pagecounter=\count167

(/collab/usr/global/tools/texlive/toss_3_x86_64_ib/2016/texmf-dist/tex/latex/hy
perref/pd1enc.def
File: pd1enc.def 2017/03/14 v6.85a Hyperref: PDFDocEncoding definition (HO)
)
\Hy@SavedSpaceFactor=\count168

(/collab/usr/global/tools/texlive/toss_3_x86_64_ib/2016/texmf-dist/tex/latex/la
texconfig/hyperref.cfg
File: hyperref.cfg 2002/06/06 v1.2 hyperref configuration of TeXLive
)
Package hyperref Info: Option `hyperindex' set `false' on input line 4374.
Package hyperref Info: Option `unicode' set `true' on input line 4374.

(/collab/usr/global/tools/texlive/toss_3_x86_64_ib/2016/texmf-dist/tex/latex/hy
perref/puenc.def
File: puenc.def 2017/03/14 v6.85a Hyperref: PDF Unicode definition (HO)
)
Package hyperref Info: Option `colorlinks' set `true' on input line 4374.
Package hyperref Info: Option `breaklinks' set `true' on input line 4374.
Package hyperref Info: Hyper figures OFF on input line 4498.
Package hyperref Info: Link nesting OFF on input line 4503.
Package hyperref Info: Hyper index OFF on input line 4508.
Package hyperref Info: Plain pages OFF on input line 4513.
Package hyperref Info: Backreferencing OFF on input line 4518.
Package hyperref Info: Implicit mode ON; LaTeX internals redefined.
Package hyperref Info: Bookmarks ON on input line 4751.
\c@Hy@tempcnt=\count169

(/collab/usr/global/tools/texlive/toss_3_x86_64_ib/2016/texmf-dist/tex/latex/ur
l/url.sty
\Urlmuskip=\muskip17
Package: url 2013/09/16  ver 3.4  Verb mode for urls, etc.
)
LaTeX Info: Redefining \url on input line 5104.
\XeTeXLinkMargin=\dimen188
\Fld@menulength=\count170
\Field@Width=\dimen189
\Fld@charsize=\dimen190
Package hyperref Info: Hyper figures OFF on input line 6358.
Package hyperref Info: Link nesting OFF on input line 6363.
Package hyperref Info: Hyper index OFF on input line 6368.
Package hyperref Info: backreferencing OFF on input line 6373.
Package hyperref Info: Link coloring ON on input line 6376.
Package hyperref Info: Link coloring with OCG OFF on input line 6383.
Package hyperref Info: PDF/A mode OFF on input line 6388.
LaTeX Info: Redefining \ref on input line 6428.
LaTeX Info: Redefining \pageref on input line 6432.
\Hy@abspage=\count171
\c@Item=\count172
\c@Hfootnote=\count173
)

Package hyperref Message: Driver (autodetected): hxetex.


(/collab/usr/global/tools/texlive/toss_3_x86_64_ib/2016/texmf-dist/tex/latex/hy
perref/hxetex.def
File: hxetex.def 2017/03/14 v6.85a Hyperref driver for XeTeX

(/collab/usr/global/tools/texlive/toss_3_x86_64_ib/2016/texmf-dist/tex/generic/
oberdiek/stringenc.sty
Package: stringenc 2016/05/16 v1.11 Convert strings between diff. encodings (HO
)
)
\pdfm@box=\box59
\c@Hy@AnnotLevel=\count174
\HyField@AnnotCount=\count175
\Fld@listcount=\count176
\c@bookmark@seq@number=\count177

(/collab/usr/global/tools/texlive/toss_3_x86_64_ib/2016/texmf-dist/tex/latex/ob
erdiek/rerunfilecheck.sty
Package: rerunfilecheck 2016/05/16 v1.8 Rerun checks for auxiliary files (HO)
Package rerunfilecheck Info: Feature \pdfmdfivesum is not available
(rerunfilecheck)             (e.g. pdfTeX or LuaTeX with package `pdftexcmds').

(rerunfilecheck)             Therefore file contents cannot be checked efficien
tly
(rerunfilecheck)             and the loading of the package is aborted.
)
\Hy@SectionHShift=\skip80
)
(/collab/usr/global/tools/texlive/toss_3_x86_64_ib/2016/texmf-dist/tex/latex/ob
erdiek/hypcap.sty
Package: hypcap 2016/05/16 v1.12 Adjusting the anchors of captions (HO)
) (./sphinxmessages.sty
Package: sphinxmessages 2019/01/04 v2.0 Localized LaTeX macros (Sphinx team)
)
\nbsphinxpromptbox=\box60
\nbsphinxcodecellspacing=\skip81
\nbsphinxbox=\box61
\nbsphinx@image@maxheight=\dimen191

(/collab/usr/global/tools/texlive/toss_3_x86_64_ib/2016/texmf-dist/tex/latex/to
cloft/tocloft.sty
Package: tocloft 2013/05/02 v2.3f parameterised ToC, etc., typesetting
Package tocloft Info: The document has chapter divisions on input line 44.
\cftparskip=\skip82
\cftbeforetoctitleskip=\skip83
\cftaftertoctitleskip=\skip84
\cftbeforepartskip=\skip85
\cftpartnumwidth=\skip86
\cftpartindent=\skip87
\cftbeforechapskip=\skip88
\cftchapindent=\skip89
\cftchapnumwidth=\skip90
\cftbeforesecskip=\skip91
\cftsecindent=\skip92
\cftsecnumwidth=\skip93
\cftbeforesubsecskip=\skip94
\cftsubsecindent=\skip95
\cftsubsecnumwidth=\skip96
\cftbeforesubsubsecskip=\skip97
\cftsubsubsecindent=\skip98
\cftsubsubsecnumwidth=\skip99
\cftbeforeparaskip=\skip100
\cftparaindent=\skip101
\cftparanumwidth=\skip102
\cftbeforesubparaskip=\skip103
\cftsubparaindent=\skip104
\cftsubparanumwidth=\skip105
\cftbeforeloftitleskip=\skip106
\cftafterloftitleskip=\skip107
\cftbeforefigskip=\skip108
\cftfigindent=\skip109
\cftfignumwidth=\skip110
\c@lofdepth=\count178
\c@lotdepth=\count179
\cftbeforelottitleskip=\skip111
\cftafterlottitleskip=\skip112
\cftbeforetabskip=\skip113
\cfttabindent=\skip114
\cfttabnumwidth=\skip115
)
\@indexfile=\write4
\openout4 = `multitaskrecommendersystemsforcancerdrugresponse.idx'.


Writing index file multitaskrecommendersystemsforcancerdrugresponse.idx
(./multitaskrecommendersystemsforcancerdrugresponse.aux)
\openout1 = `multitaskrecommendersystemsforcancerdrugresponse.aux'.

LaTeX Font Info:    Checking defaults for OML/cmm/m/it on input line 203.
LaTeX Font Info:    ... okay on input line 203.
LaTeX Font Info:    Checking defaults for T1/cmr/m/n on input line 203.
LaTeX Font Info:    ... okay on input line 203.
LaTeX Font Info:    Checking defaults for OT1/cmr/m/n on input line 203.
LaTeX Font Info:    ... okay on input line 203.
LaTeX Font Info:    Checking defaults for OMS/cmsy/m/n on input line 203.
LaTeX Font Info:    ... okay on input line 203.
LaTeX Font Info:    Checking defaults for TU/lmr/m/n on input line 203.
LaTeX Font Info:    ... okay on input line 203.
LaTeX Font Info:    Checking defaults for OMX/cmex/m/n on input line 203.
LaTeX Font Info:    ... okay on input line 203.
LaTeX Font Info:    Checking defaults for U/cmr/m/n on input line 203.
LaTeX Font Info:    ... okay on input line 203.
LaTeX Font Info:    Checking defaults for TS1/cmr/m/n on input line 203.
LaTeX Font Info:    Try loading font information for TS1+cmr on input line 203.


(/collab/usr/global/tools/texlive/toss_3_x86_64_ib/2016/texmf-dist/tex/latex/ba
se/ts1cmr.fd
File: ts1cmr.fd 2014/09/29 v2.5h Standard LaTeX font definitions
)
LaTeX Font Info:    ... okay on input line 203.
LaTeX Font Info:    Checking defaults for PD1/pdf/m/n on input line 203.
LaTeX Font Info:    ... okay on input line 203.
LaTeX Font Info:    Checking defaults for PU/pdf/m/n on input line 203.
LaTeX Font Info:    ... okay on input line 203.
.................................................
. fontspec info: "setup-math"
. 
. Adjusting the maths setup (use [no-math] to avoid this).
.................................................
\symlegacymaths=\mathgroup6
LaTeX Font Info:    Overwriting symbol font `legacymaths' in version `bold'
(Font)                  OT1/cmr/m/n --> OT1/cmr/bx/n on input line 203.
LaTeX Font Info:    Redeclaring math accent \acute on input line 203.
LaTeX Font Info:    Redeclaring math accent \grave on input line 203.
LaTeX Font Info:    Redeclaring math accent \ddot on input line 203.
LaTeX Font Info:    Redeclaring math accent \tilde on input line 203.
LaTeX Font Info:    Redeclaring math accent \bar on input line 203.
LaTeX Font Info:    Redeclaring math accent \breve on input line 203.
LaTeX Font Info:    Redeclaring math accent \check on input line 203.
LaTeX Font Info:    Redeclaring math accent \hat on input line 203.
LaTeX Font Info:    Redeclaring math accent \dot on input line 203.
LaTeX Font Info:    Redeclaring math accent \mathring on input line 203.
LaTeX Font Info:    Redeclaring math symbol \Gamma on input line 203.
LaTeX Font Info:    Redeclaring math symbol \Delta on input line 203.
LaTeX Font Info:    Redeclaring math symbol \Theta on input line 203.
LaTeX Font Info:    Redeclaring math symbol \Lambda on input line 203.
LaTeX Font Info:    Redeclaring math symbol \Xi on input line 203.
LaTeX Font Info:    Redeclaring math symbol \Pi on input line 203.
LaTeX Font Info:    Redeclaring math symbol \Sigma on input line 203.
LaTeX Font Info:    Redeclaring math symbol \Upsilon on input line 203.
LaTeX Font Info:    Redeclaring math symbol \Phi on input line 203.
LaTeX Font Info:    Redeclaring math symbol \Psi on input line 203.
LaTeX Font Info:    Redeclaring math symbol \Omega on input line 203.
LaTeX Font Info:    Redeclaring math symbol \mathdollar on input line 203.
LaTeX Font Info:    Redeclaring symbol font `operators' on input line 203.
LaTeX Font Info:    Encoding `OT1' has changed to `TU' for symbol font
(Font)              `operators' in the math version `normal' on input line 203.

LaTeX Font Info:    Overwriting symbol font `operators' in version `normal'
(Font)                  OT1/cmr/m/n --> TU/DejaVuSerif(0)/m/n on input line 203
.
LaTeX Font Info:    Encoding `OT1' has changed to `TU' for symbol font
(Font)              `operators' in the math version `bold' on input line 203.
LaTeX Font Info:    Overwriting symbol font `operators' in version `bold'
(Font)                  OT1/cmr/bx/n --> TU/DejaVuSerif(0)/m/n on input line 20
3.
LaTeX Font Info:    Overwriting symbol font `operators' in version `normal'
(Font)                  TU/DejaVuSerif(0)/m/n --> TU/DejaVuSerif(0)/m/n on inpu
t line 203.
LaTeX Font Info:    Overwriting math alphabet `\mathit' in version `normal'
(Font)                  OT1/cmr/m/it --> TU/DejaVuSerif(0)/m/it on input line 2
03.
LaTeX Font Info:    Overwriting math alphabet `\mathbf' in version `normal'
(Font)                  OT1/cmr/bx/n --> TU/DejaVuSerif(0)/bx/n on input line 2
03.
LaTeX Font Info:    Overwriting math alphabet `\mathsf' in version `normal'
(Font)                  OT1/cmss/m/n --> TU/DejaVuSans(0)/m/n on input line 203
.
LaTeX Font Info:    Overwriting math alphabet `\mathtt' in version `normal'
(Font)                  OT1/cmtt/m/n --> TU/DejaVuSansMono(0)/m/n on input line
 203.
LaTeX Font Info:    Overwriting symbol font `operators' in version `bold'
(Font)                  TU/DejaVuSerif(0)/m/n --> TU/DejaVuSerif(0)/bx/n on inp
ut line 203.
LaTeX Font Info:    Overwriting math alphabet `\mathit' in version `bold'
(Font)                  OT1/cmr/bx/it --> TU/DejaVuSerif(0)/bx/it on input line
 203.
LaTeX Font Info:    Overwriting math alphabet `\mathsf' in version `bold'
(Font)                  OT1/cmss/bx/n --> TU/DejaVuSans(0)/bx/n on input line 2
03.
LaTeX Font Info:    Overwriting math alphabet `\mathtt' in version `bold'
(Font)                  OT1/cmtt/m/n --> TU/DejaVuSansMono(0)/bx/n on input lin
e 203.

*geometry* driver: auto-detecting
*geometry* detected driver: xetex
*geometry* verbose mode - [ preamble ] result:
* driver: xetex
* paper: letterpaper
* layout: <same size as paper>
* layoutoffset:(h,v)=(0.0pt,0.0pt)
* modes: 
* h-part:(L,W,R)=(72.26999pt, 469.75502pt, 72.26999pt)
* v-part:(T,H,B)=(72.26999pt, 650.43001pt, 72.26999pt)
* \paperwidth=614.295pt
* \paperheight=794.96999pt
* \textwidth=469.75502pt
* \textheight=650.43001pt
* \oddsidemargin=0.0pt
* \evensidemargin=0.0pt
* \topmargin=-37.0pt
* \headheight=12.0pt
* \headsep=25.0pt
* \topskip=10.0pt
* \footskip=30.0pt
* \marginparwidth=36.135pt
* \marginparsep=11.0pt
* \columnsep=10.0pt
* \skip\footins=9.0pt plus 4.0pt minus 2.0pt
* \hoffset=0.0pt
* \voffset=0.0pt
* \mag=1000
* \@twocolumnfalse
* \@twosidefalse
* \@mparswitchfalse
* \@reversemarginfalse
* (1in=72.27pt=25.4mm, 1cm=28.453pt)

\AtBeginShipoutBox=\box62
Package hyperref Info: Link coloring ON on input line 203.

(/collab/usr/global/tools/texlive/toss_3_x86_64_ib/2016/texmf-dist/tex/latex/hy
perref/nameref.sty
Package: nameref 2016/05/21 v2.44 Cross-referencing by name of section

(/collab/usr/global/tools/texlive/toss_3_x86_64_ib/2016/texmf-dist/tex/generic/
oberdiek/gettitlestring.sty
Package: gettitlestring 2016/05/16 v1.5 Cleanup title references (HO)
)
\c@section@level=\count180
)
LaTeX Info: Redefining \ref on input line 203.
LaTeX Info: Redefining \pageref on input line 203.
LaTeX Info: Redefining \nameref on input line 203.

(./multitaskrecommendersystemsforcancerdrugresponse.out)
(./multitaskrecommendersystemsforcancerdrugresponse.out)
\@outlinefile=\write5
\openout5 = `multitaskrecommendersystemsforcancerdrugresponse.out'.

Package hyperref Info: Option `pageanchor' set `false' on input line 206.
LaTeX Font Info:    Try loading font information for U+msa on input line 206.

(/collab/usr/global/tools/texlive/toss_3_x86_64_ib/2016/texmf-dist/tex/latex/am
sfonts/umsa.fd
File: umsa.fd 2013/01/14 v3.01 AMS symbols A
)
LaTeX Font Info:    Try loading font information for U+msb on input line 206.

(/collab/usr/global/tools/texlive/toss_3_x86_64_ib/2016/texmf-dist/tex/latex/am
sfonts/umsb.fd
File: umsb.fd 2013/01/14 v3.01 AMS symbols B
) [1

]

Package Fancyhdr Warning: \fancyfoot's `E' option without twoside option is use
less on input line 207.

(./multitaskrecommendersystemsforcancerdrugresponse.toc

Package Fancyhdr Warning: \fancyfoot's `E' option without twoside option is use
less on input line 31.

[1



])
\tf@toc=\write6
\openout6 = `multitaskrecommendersystemsforcancerdrugresponse.toc'.

 [2]

Package Fancyhdr Warning: \fancyfoot's `E' option without twoside option is use
less on input line 209.


Package Fancyhdr Warning: \fancyfoot's `E' option without twoside option is use
less on input line 209.


Package Fancyhdr Warning: \fancyhead's `E' option without twoside option is use
less on input line 209.

[1

]
Chapter 1.
LaTeX Font Info:    Try loading font information for OT1+pzc on input line 219.


(/collab/usr/global/tools/texlive/toss_3_x86_64_ib/2016/texmf-dist/tex/latex/ps
nfss/ot1pzc.fd
File: ot1pzc.fd 2001/06/04 font definitions for OT1/pzc.
)
LaTeX Font Info:    Font shape `OT1/pzc/m/n' in size <76> not available
(Font)              Font shape `OT1/pzc/mb/it' tried instead on input line 219.


Overfull \hbox (10.0pt too wide) in paragraph at lines 219--219
[][][][][][][][][]  
 []


Package Fancyhdr Warning: \fancyfoot's `E' option without twoside option is use
less on input line 287.

[2

]
Underfull \hbox (badness 10000) in paragraph at lines 314--316
[]|\TU/DejaVuSerif(0)/m/n/10 Surprise
 []


Underfull \hbox (badness 10000) in paragraph at lines 321--322
[]|\TU/DejaVuSerif(0)/m/n/10 Not Feature
 []


Underfull \hbox (badness 10000) in paragraph at lines 323--325
[]|\TU/DejaVuSerif(0)/m/n/10 Surprise
 []


Underfull \hbox (badness 10000) in paragraph at lines 332--334
[]|\TU/DejaVuSerif(0)/m/n/10 Surprise
 []


Underfull \hbox (badness 10000) in paragraph at lines 341--343
[]|\TU/DejaVuSerif(0)/m/n/10 Custom w/
 []


Underfull \hbox (badness 10000) in paragraph at lines 341--343
\TU/DejaVuSerif(0)/m/n/10 Pytorch
 []


Underfull \hbox (badness 10000) in paragraph at lines 350--352
[]|\TU/DejaVuSerif(0)/m/n/10 Gpytorch
 []


Underfull \hbox (badness 10000) in paragraph at lines 359--361
[]|\TU/DejaVuSerif(0)/m/n/10 Author Github
 []

[3]
Chapter 2.

Overfull \hbox (10.0pt too wide) in paragraph at lines 367--367
[][][][][][][][][]  
 []


Package Fancyhdr Warning: \fancyfoot's `E' option without twoside option is use
less on input line 390.

[4

]
Chapter 3.

Overfull \hbox (10.0pt too wide) in paragraph at lines 390--390
[][][][][][][][][]  
 []


Underfull \hbox (badness 7925) in paragraph at lines 400--400
[]\TU/DejaVuSerif(0)/m/it/10 num_tasks=1\TU/DejaVuSerif(0)/m/n/10 , \TU/DejaVuS
erif(0)/m/it/10 cellsPerTask=300\TU/DejaVuSerif(0)/m/n/10 , \TU/DejaVuSerif(0)/
m/it/10 drugsPerTask=10\TU/DejaVuSerif(0)/m/n/10 ,
 []


Underfull \hbox (badness 10000) in paragraph at lines 400--400
\TU/DejaVuSerif(0)/m/it/10 function='gaussian'\TU/DejaVuSerif(0)/m/n/10 , \TU/D
ejaVuSerif(0)/m/it/10 normalize=True\TU/DejaVuSerif(0)/m/n/10 , \TU/DejaVuSerif
(0)/m/it/10 noise=0.1\TU/DejaVuSerif(0)/m/n/10 ,
 []


Underfull \hbox (badness 10000) in paragraph at lines 435--438
[]\TU/DejaVuSerif(0)/m/n/10 multilevel dictionary with keys for train/test,
 []


Underfull \hbox (badness 10000) in paragraph at lines 435--438
\TU/DejaVuSerif(0)/m/n/10 then keys for x,y, then finally keys for dataset name
. ie:
 []


Package Fancyhdr Warning: \fancyfoot's `E' option without twoside option is use
less on input line 441.

[5

] [6]
Chapter 4.

Overfull \hbox (10.0pt too wide) in paragraph at lines 532--532
[][][][][][][][][]  
 []


Package Fancyhdr Warning: \fancyfoot's `E' option without twoside option is use
less on input line 643.

[7

] [8]
Chapter 5.

Overfull \hbox (10.0pt too wide) in paragraph at lines 653--653
[][][][][][][][][]  
 []


Package Fancyhdr Warning: \fancyfoot's `E' option without twoside option is use
less on input line 733.

[9

] [10]
Chapter 6.

Overfull \hbox (10.0pt too wide) in paragraph at lines 764--764
[][][][][][][][][]  
 []


Underfull \hbox (badness 10000) in paragraph at lines 768--768
[]\TU/DejaVuSerif(0)/m/it/10 hyperparams\TU/DejaVuSerif(0)/m/n/10 ,
 []


Overfull \hbox (83.72643pt too wide) in paragraph at lines 768--768
\TU/DejaVuSerif(0)/m/it/10 name='Neural_Collaborative_Filtering_Features'\TU/De
jaVuSerif(0)/m/n/10 ,
 []


Underfull \hbox (badness 10000) in paragraph at lines 768--768
\TU/DejaVuSerif(0)/m/it/10 type_met='feature_based'\TU/DejaVuSerif(0)/m/n/10 ,
 []


Underfull \hbox (badness 10000) in paragraph at lines 768--768
\TU/DejaVuSerif(0)/m/it/10 paradigm='stl'\TU/DejaVuSerif(0)/m/n/10 , \TU/DejaVu
Serif(0)/m/it/10 out-
 []


Underfull \hbox (badness 10000) in paragraph at lines 768--768
\TU/DejaVuSerif(0)/m/it/10 put_shape=None\TU/DejaVuSerif(0)/m/n/10 ,
 []


Underfull \hbox (badness 10000) in paragraph at lines 768--768
\TU/DejaVuSerif(0)/m/it/10 warm_start=False\TU/DejaVuSerif(0)/m/n/10 ,
 []


Underfull \hbox (badness 10000) in paragraph at lines 768--768
\TU/DejaVuSerif(0)/m/it/10 learner=None\TU/DejaVuSerif(0)/m/n/10 , \TU/DejaVuSe
rif(0)/m/it/10 learn-
 []


Underfull \hbox (badness 10000) in paragraph at lines 768--768
\TU/DejaVuSerif(0)/m/it/10 ing_rate=None\TU/DejaVuSerif(0)/m/n/10 , \TU/DejaVuS
erif(0)/m/it/10 reg_mf=None\TU/DejaVuSerif(0)/m/n/10 ,
 []


Package Fancyhdr Warning: \fancyfoot's `E' option without twoside option is use
less on input line 812.

[11

]
Overfull \hbox (52.40025pt too wide) in paragraph at lines 826--826
[]\TU/DejaVuSerif(0)/m/it/10 hyperparams\TU/DejaVuSerif(0)/m/n/10 , \TU/DejaVuS
erif(0)/m/it/10 name='Neural_Collaborative_Filtering'\TU/DejaVuSerif(0)/m/n/10 
,
 []


Underfull \hbox (badness 10000) in paragraph at lines 826--826
\TU/DejaVuSerif(0)/m/it/10 type_met='non_feature_based'\TU/DejaVuSerif(0)/m/n/1
0 ,
 []


Underfull \hbox (badness 10000) in paragraph at lines 826--826
\TU/DejaVuSerif(0)/m/it/10 paradigm='stl'\TU/DejaVuSerif(0)/m/n/10 , \TU/DejaVu
Serif(0)/m/it/10 output_shape=None\TU/DejaVuSerif(0)/m/n/10 ,
 []


Underfull \hbox (badness 10000) in paragraph at lines 826--826
\TU/DejaVuSerif(0)/m/it/10 warm_start=False\TU/DejaVuSerif(0)/m/n/10 , \TU/Deja
VuSerif(0)/m/it/10 learner=None\TU/DejaVuSerif(0)/m/n/10 ,
 []


Underfull \hbox (badness 10000) in paragraph at lines 826--826
\TU/DejaVuSerif(0)/m/it/10 learning_rate=None\TU/DejaVuSerif(0)/m/n/10 , \TU/De
jaVuSerif(0)/m/it/10 reg_mf=None\TU/DejaVuSerif(0)/m/n/10 ,
 []


Underfull \hbox (badness 6808) in paragraph at lines 829--830
[]\TU/DejaVuSerif(0)/m/n/10 Neural Collaborative Filtering adapted for regressi
on from [][]$[][][][][] [] [] [] [][][][][][] [] [][][] []
 []


Underfull \hbox (badness 10000) in paragraph at lines 884--884
[]\TU/DejaVuSerif(0)/m/it/10 hyperparams\TU/DejaVuSerif(0)/m/n/10 ,
 []


Overfull \hbox (119.84947pt too wide) in paragraph at lines 884--884
\TU/DejaVuSerif(0)/m/it/10 name='Neural_Collaborative_Filtering_Features'\TU/De
jaVuSerif(0)/m/n/10 ,
 []


Overfull \hbox (3.32603pt too wide) in paragraph at lines 884--884
\TU/DejaVuSerif(0)/m/it/10 type_met='feature_based'\TU/DejaVuSerif(0)/m/n/10 ,
 []


Underfull \hbox (badness 10000) in paragraph at lines 884--884
\TU/DejaVuSerif(0)/m/it/10 paradigm='mtl'\TU/DejaVuSerif(0)/m/n/10 , \TU/DejaVu
Serif(0)/m/it/10 out-
 []


Underfull \hbox (badness 10000) in paragraph at lines 884--884
\TU/DejaVuSerif(0)/m/it/10 put_shape=None\TU/DejaVuSerif(0)/m/n/10 ,
 []


Underfull \hbox (badness 10000) in paragraph at lines 884--884
\TU/DejaVuSerif(0)/m/it/10 warm_start=False\TU/DejaVuSerif(0)/m/n/10 ,
 []


Underfull \hbox (badness 10000) in paragraph at lines 884--884
\TU/DejaVuSerif(0)/m/it/10 learner=None\TU/DejaVuSerif(0)/m/n/10 , \TU/DejaVuSe
rif(0)/m/it/10 learn-
 []


Underfull \hbox (badness 10000) in paragraph at lines 884--884
\TU/DejaVuSerif(0)/m/it/10 ing_rate=None\TU/DejaVuSerif(0)/m/n/10 ,
 []


Underfull \hbox (badness 10000) in paragraph at lines 884--884
\TU/DejaVuSerif(0)/m/it/10 reg_mf=None\TU/DejaVuSerif(0)/m/n/10 ,
 []

[12]
Underfull \hbox (badness 10000) in paragraph at lines 944--944
[]\TU/DejaVuSerif(0)/m/it/10 hyperparams\TU/DejaVuSerif(0)/m/n/10 ,
 []


Overfull \hbox (113.82896pt too wide) in paragraph at lines 944--944
\TU/DejaVuSerif(0)/m/it/10 name='Neural_Collaborative_Filtering_Features'\TU/De
jaVuSerif(0)/m/n/10 ,
 []


Underfull \hbox (badness 10000) in paragraph at lines 944--944
\TU/DejaVuSerif(0)/m/it/10 type_met='feature_based'\TU/DejaVuSerif(0)/m/n/10 ,
 []


Underfull \hbox (badness 10000) in paragraph at lines 944--944
\TU/DejaVuSerif(0)/m/it/10 paradigm='mtl'\TU/DejaVuSerif(0)/m/n/10 , \TU/DejaVu
Serif(0)/m/it/10 out-
 []


Underfull \hbox (badness 10000) in paragraph at lines 944--944
\TU/DejaVuSerif(0)/m/it/10 put_shape=None\TU/DejaVuSerif(0)/m/n/10 ,
 []


Underfull \hbox (badness 10000) in paragraph at lines 944--944
\TU/DejaVuSerif(0)/m/it/10 warm_start=False\TU/DejaVuSerif(0)/m/n/10 ,
 []


Underfull \hbox (badness 10000) in paragraph at lines 944--944
\TU/DejaVuSerif(0)/m/it/10 learner=None\TU/DejaVuSerif(0)/m/n/10 , \TU/DejaVuSe
rif(0)/m/it/10 learn-
 []


Underfull \hbox (badness 10000) in paragraph at lines 944--944
\TU/DejaVuSerif(0)/m/it/10 ing_rate=None\TU/DejaVuSerif(0)/m/n/10 ,
 []


Underfull \hbox (badness 10000) in paragraph at lines 944--944
\TU/DejaVuSerif(0)/m/it/10 reg_mf=None\TU/DejaVuSerif(0)/m/n/10 ,
 []

[13] [14]
Chapter 7.

Overfull \hbox (10.0pt too wide) in paragraph at lines 1001--1001
[][][][][][][][][]  
 []


Underfull \hbox (badness 10000) in paragraph at lines 1008--1008
[]\TU/DejaVuSerif(0)/m/it/10 name='ExactGP'\TU/DejaVuSerif(0)/m/n/10 , \TU/Deja
VuSerif(0)/m/it/10 num_iters=50\TU/DejaVuSerif(0)/m/n/10 , \TU/DejaVuSerif(0)/m
/it/10 learning_rate=0.1\TU/DejaVuSerif(0)/m/n/10 ,
 []


Underfull \hbox (badness 10000) in paragraph at lines 1045--1045
[]\TU/DejaVuSerif(0)/m/it/10 name='ExactGPCompositeKernel'\TU/DejaVuSerif(0)/m/
n/10 ,
 []


Underfull \hbox (badness 10000) in paragraph at lines 1045--1045
\TU/DejaVuSerif(0)/m/it/10 num_iters=50\TU/DejaVuSerif(0)/m/n/10 , \TU/DejaVuSe
rif(0)/m/it/10 learn-
 []


Underfull \hbox (badness 10000) in paragraph at lines 1045--1045
\TU/DejaVuSerif(0)/m/it/10 ing_rate=0.1\TU/DejaVuSerif(0)/m/n/10 , \TU/DejaVuSe
rif(0)/m/it/10 noise_covar=1.0\TU/DejaVuSerif(0)/m/n/10 ,
 []


Underfull \hbox (badness 10000) in paragraph at lines 1045--1045
\TU/DejaVuSerif(0)/m/it/10 length_scale_cell=100.0\TU/DejaVuSerif(0)/m/n/10 ,
 []


Underfull \hbox (badness 10000) in paragraph at lines 1045--1045
\TU/DejaVuSerif(0)/m/it/10 output_scale_cell=1.0\TU/DejaVuSerif(0)/m/n/10 ,
 []


Underfull \hbox (badness 10000) in paragraph at lines 1045--1045
\TU/DejaVuSerif(0)/m/it/10 length_scale_drug=100.0\TU/DejaVuSerif(0)/m/n/10 , \
TU/DejaVuSerif(0)/m/it/10 out-
 []


Package Fancyhdr Warning: \fancyfoot's `E' option without twoside option is use
less on input line 1060.

[15

]
Underfull \hbox (badness 10000) in paragraph at lines 1088--1088
[]\TU/DejaVuSerif(0)/m/it/10 name='SparseGP'\TU/DejaVuSerif(0)/m/n/10 , \TU/Dej
aVuSerif(0)/m/it/10 num_iters=50\TU/DejaVuSerif(0)/m/n/10 , \TU/DejaVuSerif(0)/
m/it/10 learning_rate=0.1\TU/DejaVuSerif(0)/m/n/10 ,
 []


Underfull \hbox (badness 10000) in paragraph at lines 1128--1128
[]\TU/DejaVuSerif(0)/m/it/10 name='SparseGPCompositeKernel'\TU/DejaVuSerif(0)/m
/n/10 ,
 []


Underfull \hbox (badness 10000) in paragraph at lines 1128--1128
\TU/DejaVuSerif(0)/m/it/10 num_iters=50\TU/DejaVuSerif(0)/m/n/10 , \TU/DejaVuSe
rif(0)/m/it/10 learn-
 []


Underfull \hbox (badness 10000) in paragraph at lines 1128--1128
\TU/DejaVuSerif(0)/m/it/10 ing_rate=0.1\TU/DejaVuSerif(0)/m/n/10 , \TU/DejaVuSe
rif(0)/m/it/10 noise_covar=1.0\TU/DejaVuSerif(0)/m/n/10 ,
 []


Underfull \hbox (badness 10000) in paragraph at lines 1128--1128
\TU/DejaVuSerif(0)/m/it/10 length_scale_cell=100.0\TU/DejaVuSerif(0)/m/n/10 ,
 []


Underfull \hbox (badness 10000) in paragraph at lines 1128--1128
\TU/DejaVuSerif(0)/m/it/10 output_scale_cell=1.0\TU/DejaVuSerif(0)/m/n/10 ,
 []


Underfull \hbox (badness 10000) in paragraph at lines 1128--1128
\TU/DejaVuSerif(0)/m/it/10 length_scale_drug=100.0\TU/DejaVuSerif(0)/m/n/10 ,
 []


Underfull \hbox (badness 10000) in paragraph at lines 1128--1128
\TU/DejaVuSerif(0)/m/it/10 output_scale_drug=1.0\TU/DejaVuSerif(0)/m/n/10 ,
 []

[16]
Underfull \hbox (badness 10000) in paragraph at lines 1177--1177
[]\TU/DejaVuSerif(0)/m/it/10 name='HadamardMTL'\TU/DejaVuSerif(0)/m/n/10 , \TU/
DejaVuSerif(0)/m/it/10 num_iters=50\TU/DejaVuSerif(0)/m/n/10 , \TU/DejaVuSerif(
0)/m/it/10 learning_rate=0.1\TU/DejaVuSerif(0)/m/n/10 ,
 []


Underfull \hbox (badness 10000) in paragraph at lines 1177--1177
\TU/DejaVuSerif(0)/m/it/10 noise_covar=1.0\TU/DejaVuSerif(0)/m/n/10 , \TU/DejaV
uSerif(0)/m/it/10 length_scale=100.0\TU/DejaVuSerif(0)/m/n/10 , \TU/DejaVuSerif
(0)/m/it/10 output_scale=1.0\TU/DejaVuSerif(0)/m/n/10 ,
 []


Underfull \hbox (badness 10000) in paragraph at lines 1177--1177
\TU/DejaVuSerif(0)/m/it/10 n_inducing_points=500\TU/DejaVuSerif(0)/m/n/10 , \TU
/DejaVuSerif(0)/m/it/10 composite=False\TU/DejaVuSerif(0)/m/n/10 , \TU/DejaVuSe
rif(0)/m/it/10 validate=False\TU/DejaVuSerif(0)/m/n/10 ,
 []


Underfull \hbox (badness 10000) in paragraph at lines 1180--1182
[]\TU/DejaVuSerif(0)/m/n/10 pipeline suited implementation of [][]$[][][][][] [
] [] [] [][][][] [] [][][][][][][][] [] [][] [] [][] [] [][] [] [] [] [] [] [][
][][][][][][] [] [][] []
 []


Underfull \hbox (badness 10000) in paragraph at lines 1233--1233
\TU/DejaVuSerif(0)/m/it/10 length_scale=100.0\TU/DejaVuSerif(0)/m/n/10 , \TU/De
jaVuSerif(0)/m/it/10 output_scale=1.0\TU/DejaVuSerif(0)/m/n/10 , \TU/DejaVuSeri
f(0)/m/it/10 n_inducing_points=500\TU/DejaVuSerif(0)/m/n/10 ,
 []

[17] [18]
Chapter 8.

Overfull \hbox (10.0pt too wide) in paragraph at lines 1278--1278
[][][][][][][][][]  
 []


Overfull \vbox (0.90099pt too high) detected at line 1327
 []


Package Fancyhdr Warning: \fancyfoot's `E' option without twoside option is use
less on input line 1327.

[19

] [20]
Chapter 9.

Overfull \hbox (10.0pt too wide) in paragraph at lines 1365--1365
[][][][][][][][][]  
 []


Package Fancyhdr Warning: \fancyfoot's `E' option without twoside option is use
less on input line 1405.

[21

] [22] [23] [24]
Chapter 10.

Overfull \hbox (10.0pt too wide) in paragraph at lines 1554--1554
[][][][][][][][][]  
 []


Package Fancyhdr Warning: \fancyfoot's `E' option without twoside option is use
less on input line 1596.

[25

] [26] [27] [28] [29] [30]
Chapter 11.

Overfull \hbox (10.0pt too wide) in paragraph at lines 1887--1887
[][][][][][][][][]  
 []


Package Fancyhdr Warning: \fancyfoot's `E' option without twoside option is use
less on input line 1948.

[31

] [32]
Chapter 12.

Overfull \hbox (10.0pt too wide) in paragraph at lines 1952--1952
[][][][][][][][][]  
 []


Package Fancyhdr Warning: \fancyfoot's `E' option without twoside option is use
less on input line 2002.

[33

]
Chapter 13.

Overfull \hbox (10.0pt too wide) in paragraph at lines 2002--2002
[][][][][][][][][]  
 []


Package Fancyhdr Warning: \fancyfoot's `E' option without twoside option is use
less on input line 2076.

[34

] [35]
Chapter 14.

Overfull \hbox (10.0pt too wide) in paragraph at lines 2096--2096
[][][][][][][][][]  
 []


Overfull \vbox (10.25258pt too high) detected at line 2157
 []


Package Fancyhdr Warning: \fancyfoot's `E' option without twoside option is use
less on input line 2157.

[36

]
File: NCF_Walkthrough_11_2.png Graphic file (type QTm)
 <use  "NCF_Walkthrough_11_2.png" >
Underfull \vbox (badness 10000) detected at line 2212
 []

[37] [38]
Chapter 15.

Overfull \hbox (10.0pt too wide) in paragraph at lines 2215--2215
[][][][][][][][][]  
 []


Package Fancyhdr Warning: \fancyfoot's `E' option without twoside option is use
less on input line 2259.

[39

]
Chapter 16.

Overfull \hbox (10.0pt too wide) in paragraph at lines 2259--2259
[][][][][][][][][]  
 []


Package Fancyhdr Warning: \fancyfoot's `E' option without twoside option is use
less on input line 2272.

[40

]
Underfull \hbox (badness 10000) in paragraph at lines 2294--2295
\TU/DejaVuSerif(0)/m/n/10 high-performance deep learning library. In H. Wallach
, H. Larochelle,
 []


Underfull \hbox (badness 5331) in paragraph at lines 2294--2295
\TU/DejaVuSerif(0)/m/n/10 8035. Curran Associates, Inc., 2019. URL: [][]$[][][]
[] [] [] [] [][][][][][] [] [][][][][][][] [] [][] [] [][][][][] []
 []


Package Fancyhdr Warning: \fancyfoot's `E' option without twoside option is use
less on input line 2305.

[41


]

Package Fancyhdr Warning: \fancyfoot's `E' option without twoside option is use
less on input line 2309.

[42



] (./multitaskrecommendersystemsforcancerdrugresponse.ind

Package Fancyhdr Warning: \fancyfoot's `E' option without twoside option is use
less on input line 90.

[43



])
Package atveryend Info: Empty hook `BeforeClearDocument' on input line 2313.
Package atveryend Info: Empty hook `AfterLastShipout' on input line 2313.
 (./multitaskrecommendersystemsforcancerdrugresponse.aux)
Package atveryend Info: Empty hook `AtVeryEndDocument' on input line 2313.
Package atveryend Info: Empty hook `AtEndAfterFileList' on input line 2313.
 ) 
Here is how much of TeX's memory you used:
 22239 strings out of 493068
 409998 string characters out of 6122802
 600917 words of memory out of 5000000
 25836 multiletter control sequences out of 15000+600000
 12782 words of font info for 95 fonts, out of 8000000 for 9000
 1348 hyphenation exceptions out of 8191
 36i,12n,67p,10441b,607s stack positions out of 5000i,500n,10000p,200000b,80000s

Output written on multitaskrecommendersystemsforcancerdrugresponse.pdf (46 page
s).
